# JRE version: Java(TM) SE Runtime Environment (12.0+33) (build 12+33)
# Java VM: Java HotSpot(TM) 64-Bit Server VM (12+33, mixed mode, sharing, tiered, compressed oops, g1 gc, windows-amd64)
Heap:
 garbage-first heap   total 334848K, used 199610K [0x00000000c0000000, 0x0000000100000000)
  region size 1024K, 16 young (16384K), 1 survivors (1024K)
 Metaspace       used 91641K, capacity 102076K, committed 102480K, reserved 1138688K
  class space    used 10333K, capacity 13403K, committed 13472K, reserved 1048576K
GC Heap History (10 events):
Event: 208.822 GC heap before
{Heap before GC invocations=116 (full 0):
 garbage-first heap   total 334848K, used 233546K [0x00000000c0000000, 0x0000000100000000)
  region size 1024K, 60 young (61440K), 3 survivors (3072K)
 Metaspace       used 91617K, capacity 102076K, committed 102480K, reserved 1138688K
  class space    used 10333K, capacity 13403K, committed 13472K, reserved 1048576K
}
Event: 208.892 GC heap after
{Heap after GC invocations=117 (full 0):
 garbage-first heap   total 334848K, used 176077K [0x00000000c0000000, 0x0000000100000000)
  region size 1024K, 4 young (4096K), 4 survivors (4096K)
 Metaspace       used 91617K, capacity 102076K, committed 102480K, reserved 1138688K
  class space    used 10333K, capacity 13403K, committed 13472K, reserved 1048576K
}
Event: 211.519 GC heap before
{Heap before GC invocations=117 (full 0):
 garbage-first heap   total 334848K, used 245709K [0x00000000c0000000, 0x0000000100000000)
  region size 1024K, 72 young (73728K), 4 survivors (4096K)
 Metaspace       used 91622K, capacity 102076K, committed 102480K, reserved 1138688K
  class space    used 10333K, capacity 13403K, committed 13472K, reserved 1048576K
}
Event: 211.578 GC heap after
{Heap after GC invocations=118 (full 0):
 garbage-first heap   total 334848K, used 176575K [0x00000000c0000000, 0x0000000100000000)
  region size 1024K, 4 young (4096K), 4 survivors (4096K)
 Metaspace       used 91622K, capacity 102076K, committed 102480K, reserved 1138688K
  class space    used 10333K, capacity 13403K, committed 13472K, reserved 1048576K
}
Event: 215.568 GC heap before
{Heap before GC invocations=118 (full 0):
 garbage-first heap   total 334848K, used 252351K [0x00000000c0000000, 0x0000000100000000)
  region size 1024K, 79 young (80896K), 4 survivors (4096K)
 Metaspace       used 91631K, capacity 102076K, committed 102480K, reserved 1138688K
  class space    used 10333K, capacity 13403K, committed 13472K, reserved 1048576K
}
Event: 215.679 GC heap after
{Heap after GC invocations=119 (full 0):
 garbage-first heap   total 334848K, used 178688K [0x00000000c0000000, 0x0000000100000000)
  region size 1024K, 6 young (6144K), 6 survivors (6144K)
 Metaspace       used 91631K, capacity 102076K, committed 102480K, reserved 1138688K
  class space    used 10333K, capacity 13403K, committed 13472K, reserved 1048576K
}
Event: 216.001 GC heap before
{Heap before GC invocations=119 (full 0):
 garbage-first heap   total 334848K, used 201216K [0x00000000c0000000, 0x0000000100000000)
  region size 1024K, 29 young (29696K), 6 survivors (6144K)
 Metaspace       used 91631K, capacity 102076K, committed 102480K, reserved 1138688K
  class space    used 10333K, capacity 13403K, committed 13472K, reserved 1048576K
}
Event: 216.081 GC heap after
{Heap after GC invocations=120 (full 0):
 garbage-first heap   total 334848K, used 177064K [0x00000000c0000000, 0x0000000100000000)
  region size 1024K, 3 young (3072K), 3 survivors (3072K)
 Metaspace       used 91631K, capacity 102076K, committed 102480K, reserved 1138688K
  class space    used 10333K, capacity 13403K, committed 13472K, reserved 1048576K
}
Event: 217.672 GC heap before
{Heap before GC invocations=121 (full 0):
 garbage-first heap   total 334848K, used 188328K [0x00000000c0000000, 0x0000000100000000)
  region size 1024K, 12 young (12288K), 3 survivors (3072K)
 Metaspace       used 91635K, capacity 102076K, committed 102480K, reserved 1138688K
  class space    used 10333K, capacity 13403K, committed 13472K, reserved 1048576K
}
Event: 217.800 GC heap after
{Heap after GC invocations=122 (full 0):
 garbage-first heap   total 334848K, used 178106K [0x00000000c0000000, 0x0000000100000000)
  region size 1024K, 3 young (3072K), 3 survivors (3072K)
 Metaspace       used 91635K, capacity 102076K, committed 102480K, reserved 1138688K
  class space    used 10333K, capacity 13403K, committed 13472K, reserved 1048576K
}

