# JRE version: Java(TM) SE Runtime Environment (12.0+33) (build 12+33)
# Java VM: Java HotSpot(TM) 64-Bit Server VM (12+33, mixed mode, sharing, tiered, compressed oops, g1 gc, windows-amd64)
Heap:
 garbage-first heap   total 324608K, used 252765K [0x00000000c0000000, 0x0000000100000000)
  region size 1024K, 22 young (22528K), 4 survivors (4096K)
 Metaspace       used 105294K, capacity 116626K, committed 116656K, reserved 1150976K
  class space    used 11703K, capacity 14823K, committed 14848K, reserved 1048576K
GC Heap History (10 events):
Event: 8537.077 GC heap before
{Heap before GC invocations=114 (full 0):
 garbage-first heap   total 324608K, used 285383K [0x00000000c0000000, 0x0000000100000000)
  region size 1024K, 55 young (56320K), 5 survivors (5120K)
 Metaspace       used 104773K, capacity 116032K, committed 116144K, reserved 1150976K
  class space    used 11677K, capacity 14755K, committed 14848K, reserved 1048576K
}
Event: 8537.157 GC heap after
{Heap after GC invocations=115 (full 0):
 garbage-first heap   total 324608K, used 232759K [0x00000000c0000000, 0x0000000100000000)
  region size 1024K, 5 young (5120K), 5 survivors (5120K)
 Metaspace       used 104773K, capacity 116032K, committed 116144K, reserved 1150976K
  class space    used 11677K, capacity 14755K, committed 14848K, reserved 1048576K
}
Event: 8543.159 GC heap before
{Heap before GC invocations=115 (full 0):
 garbage-first heap   total 324608K, used 283959K [0x00000000c0000000, 0x0000000100000000)
  region size 1024K, 55 young (56320K), 5 survivors (5120K)
 Metaspace       used 104808K, capacity 116038K, committed 116144K, reserved 1150976K
  class space    used 11678K, capacity 14756K, committed 14848K, reserved 1048576K
}
Event: 8543.187 GC heap after
{Heap after GC invocations=116 (full 0):
 garbage-first heap   total 324608K, used 233222K [0x00000000c0000000, 0x0000000100000000)
  region size 1024K, 5 young (5120K), 5 survivors (5120K)
 Metaspace       used 104808K, capacity 116038K, committed 116144K, reserved 1150976K
  class space    used 11678K, capacity 14756K, committed 14848K, reserved 1048576K
}
Event: 8564.367 GC heap before
{Heap before GC invocations=116 (full 0):
 garbage-first heap   total 324608K, used 284422K [0x00000000c0000000, 0x0000000100000000)
  region size 1024K, 55 young (56320K), 5 survivors (5120K)
 Metaspace       used 104814K, capacity 116038K, committed 116144K, reserved 1150976K
  class space    used 11678K, capacity 14756K, committed 14848K, reserved 1048576K
}
Event: 8564.402 GC heap after
{Heap after GC invocations=117 (full 0):
 garbage-first heap   total 324608K, used 233087K [0x00000000c0000000, 0x0000000100000000)
  region size 1024K, 3 young (3072K), 3 survivors (3072K)
 Metaspace       used 104814K, capacity 116038K, committed 116144K, reserved 1150976K
  class space    used 11678K, capacity 14756K, committed 14848K, reserved 1048576K
}
Event: 8567.131 GC heap before
{Heap before GC invocations=117 (full 0):
 garbage-first heap   total 324608K, used 284287K [0x00000000c0000000, 0x0000000100000000)
  region size 1024K, 53 young (54272K), 3 survivors (3072K)
 Metaspace       used 104994K, capacity 116230K, committed 116400K, reserved 1150976K
  class space    used 11678K, capacity 14756K, committed 14848K, reserved 1048576K
}
Event: 8567.145 GC heap after
{Heap after GC invocations=118 (full 0):
 garbage-first heap   total 324608K, used 233886K [0x00000000c0000000, 0x0000000100000000)
  region size 1024K, 4 young (4096K), 4 survivors (4096K)
 Metaspace       used 104994K, capacity 116230K, committed 116400K, reserved 1150976K
  class space    used 11678K, capacity 14756K, committed 14848K, reserved 1048576K
}
Event: 8573.477 GC heap before
{Heap before GC invocations=118 (full 0):
 garbage-first heap   total 324608K, used 286110K [0x00000000c0000000, 0x0000000100000000)
  region size 1024K, 53 young (54272K), 4 survivors (4096K)
 Metaspace       used 105093K, capacity 116434K, committed 116656K, reserved 1150976K
  class space    used 11681K, capacity 14759K, committed 14848K, reserved 1048576K
}
Event: 8573.501 GC heap after
{Heap after GC invocations=119 (full 0):
 garbage-first heap   total 324608K, used 236381K [0x00000000c0000000, 0x0000000100000000)
  region size 1024K, 4 young (4096K), 4 survivors (4096K)
 Metaspace       used 105093K, capacity 116434K, committed 116656K, reserved 1150976K
  class space    used 11681K, capacity 14759K, committed 14848K, reserved 1048576K
}

